  [1m[35m (293.7ms)[0m  [1m[35mCREATE DATABASE "blogs_development" ENCODING = 'unicode'[0m
  [1m[35m (83.0ms)[0m  [1m[35mCREATE DATABASE "blogs_test" ENCODING = 'unicode'[0m
  [1m[35m (9.0ms)[0m  [1m[35mCREATE TABLE "schema_migrations" ("version" character varying NOT NULL PRIMARY KEY)[0m
  [1m[35m (5.8ms)[0m  [1m[35mCREATE TABLE "ar_internal_metadata" ("key" character varying NOT NULL PRIMARY KEY, "value" character varying, "created_at" timestamp(6) NOT NULL, "updated_at" timestamp(6) NOT NULL)[0m
  [1m[35m (0.3ms)[0m  [1m[34mSELECT pg_try_advisory_lock(8180530407223393065)[0m
  [1m[36mActiveRecord::SchemaMigration Load (0.7ms)[0m  [1m[34mSELECT "schema_migrations"."version" FROM "schema_migrations" ORDER BY "schema_migrations"."version" ASC[0m
  [1m[36mActiveRecord::InternalMetadata Load (1.4ms)[0m  [1m[34mSELECT * FROM "ar_internal_metadata" WHERE "ar_internal_metadata"."key" = $1 ORDER BY "ar_internal_metadata"."key" ASC LIMIT 1[0m  [[nil, "environment"]]
  [1m[36mActiveRecord::InternalMetadata Create (1.7ms)[0m  [1m[32mINSERT INTO "ar_internal_metadata" ("key", "value", "created_at", "updated_at") VALUES ('environment', 'development', '2024-06-19 07:09:37.179412', '2024-06-19 07:09:37.179417') RETURNING "key"[0m
Migrating to DeviseCreateUsers (20240619070838)
  [1m[36mTRANSACTION (0.2ms)[0m  [1m[35mBEGIN[0m
  [1m[35m (7.9ms)[0m  [1m[35mCREATE TABLE "users" ("id" bigserial primary key, "email" character varying DEFAULT '' NOT NULL, "encrypted_password" character varying DEFAULT '' NOT NULL, "reset_password_token" character varying, "reset_password_sent_at" timestamp(6), "remember_created_at" timestamp(6), "created_at" timestamp(6) NOT NULL, "updated_at" timestamp(6) NOT NULL)[0m
  [1m[35m (3.5ms)[0m  [1m[35mCREATE UNIQUE INDEX "index_users_on_email" ON "users" ("email")[0m
  [1m[35m (2.1ms)[0m  [1m[35mCREATE UNIQUE INDEX "index_users_on_reset_password_token" ON "users" ("reset_password_token")[0m
  [1m[36mActiveRecord::SchemaMigration Create (0.4ms)[0m  [1m[32mINSERT INTO "schema_migrations" ("version") VALUES ('20240619070838') RETURNING "version"[0m
  [1m[36mTRANSACTION (0.8ms)[0m  [1m[35mCOMMIT[0m
  [1m[35m (0.2ms)[0m  [1m[34mSELECT pg_advisory_unlock(8180530407223393065)[0m
  [1m[36mActiveRecord::SchemaMigration Load (0.3ms)[0m  [1m[34mSELECT "schema_migrations"."version" FROM "schema_migrations" ORDER BY "schema_migrations"."version" ASC[0m
  [1m[35m (0.2ms)[0m  [1m[34mSELECT pg_try_advisory_lock(8180530407223393065)[0m
  [1m[36mActiveRecord::SchemaMigration Load (0.6ms)[0m  [1m[34mSELECT "schema_migrations"."version" FROM "schema_migrations" ORDER BY "schema_migrations"."version" ASC[0m
  [1m[36mActiveRecord::InternalMetadata Load (0.8ms)[0m  [1m[34mSELECT * FROM "ar_internal_metadata" WHERE "ar_internal_metadata"."key" = $1 ORDER BY "ar_internal_metadata"."key" ASC LIMIT 1[0m  [[nil, "environment"]]
Migrating to AddDeviseTwoFactorToUsers (20240619071057)
  [1m[36mTRANSACTION (0.1ms)[0m  [1m[35mBEGIN[0m
  [1m[35m (1.8ms)[0m  [1m[35mALTER TABLE "users" ADD "otp_secret" character varying[0m
  [1m[35m (0.3ms)[0m  [1m[35mALTER TABLE "users" ADD "consumed_timestep" integer[0m
  [1m[35m (0.3ms)[0m  [1m[35mALTER TABLE "users" ADD "otp_required_for_login" boolean[0m
  [1m[36mActiveRecord::SchemaMigration Create (0.3ms)[0m  [1m[32mINSERT INTO "schema_migrations" ("version") VALUES ('20240619071057') RETURNING "version"[0m
  [1m[36mTRANSACTION (0.8ms)[0m  [1m[35mCOMMIT[0m
  [1m[35m (0.2ms)[0m  [1m[34mSELECT pg_advisory_unlock(8180530407223393065)[0m
  [1m[36mActiveRecord::SchemaMigration Load (0.2ms)[0m  [1m[34mSELECT "schema_migrations"."version" FROM "schema_migrations" ORDER BY "schema_migrations"."version" ASC[0m
  [1m[35m (0.2ms)[0m  [1m[34mSELECT pg_try_advisory_lock(8180530407223393065)[0m
  [1m[36mActiveRecord::SchemaMigration Load (0.7ms)[0m  [1m[34mSELECT "schema_migrations"."version" FROM "schema_migrations" ORDER BY "schema_migrations"."version" ASC[0m
  [1m[36mActiveRecord::InternalMetadata Load (0.8ms)[0m  [1m[34mSELECT * FROM "ar_internal_metadata" WHERE "ar_internal_metadata"."key" = $1 ORDER BY "ar_internal_metadata"."key" ASC LIMIT 1[0m  [[nil, "environment"]]
Migrating to CreatePosts (20240619071601)
  [1m[36mTRANSACTION (0.2ms)[0m  [1m[35mBEGIN[0m
  [1m[35m (6.8ms)[0m  [1m[35mCREATE TABLE "posts" ("id" bigserial primary key, "title" character varying, "body" text, "created_at" timestamp(6) NOT NULL, "updated_at" timestamp(6) NOT NULL)[0m
  [1m[36mActiveRecord::SchemaMigration Create (0.3ms)[0m  [1m[32mINSERT INTO "schema_migrations" ("version") VALUES ('20240619071601') RETURNING "version"[0m
  [1m[36mTRANSACTION (0.9ms)[0m  [1m[35mCOMMIT[0m
Migrating to CreateLikes (20240619071611)
  [1m[36mTRANSACTION (0.2ms)[0m  [1m[35mBEGIN[0m
  [1m[35m (8.6ms)[0m  [1m[35mCREATE TABLE "likes" ("id" bigserial primary key, "user_id" bigint NOT NULL, "post_id" bigint NOT NULL, "created_at" timestamp(6) NOT NULL, "updated_at" timestamp(6) NOT NULL, CONSTRAINT "fk_rails_1e09b5dabf"
FOREIGN KEY ("user_id")
  REFERENCES "users" ("id")
, CONSTRAINT "fk_rails_87a8aac469"
FOREIGN KEY ("post_id")
  REFERENCES "posts" ("id")
)[0m
  [1m[35m (2.5ms)[0m  [1m[35mCREATE INDEX "index_likes_on_user_id" ON "likes" ("user_id")[0m
  [1m[35m (2.4ms)[0m  [1m[35mCREATE INDEX "index_likes_on_post_id" ON "likes" ("post_id")[0m
  [1m[36mActiveRecord::SchemaMigration Create (0.3ms)[0m  [1m[32mINSERT INTO "schema_migrations" ("version") VALUES ('20240619071611') RETURNING "version"[0m
  [1m[36mTRANSACTION (0.8ms)[0m  [1m[35mCOMMIT[0m
  [1m[35m (0.3ms)[0m  [1m[34mSELECT pg_advisory_unlock(8180530407223393065)[0m
  [1m[36mActiveRecord::SchemaMigration Load (0.3ms)[0m  [1m[34mSELECT "schema_migrations"."version" FROM "schema_migrations" ORDER BY "schema_migrations"."version" ASC[0m
Started GET "/" for ::1 at 2024-06-19 12:50:39 +0530
  [1m[36mActiveRecord::SchemaMigration Load (1.4ms)[0m  [1m[34mSELECT "schema_migrations"."version" FROM "schema_migrations" ORDER BY "schema_migrations"."version" ASC[0m
Processing by Rails::WelcomeController#index as HTML
  Rendering /home/ubuntu/.rvm/gems/ruby-3.0.2/gems/railties-7.1.3.4/lib/rails/templates/rails/welcome/index.html.erb
  Rendered /home/ubuntu/.rvm/gems/ruby-3.0.2/gems/railties-7.1.3.4/lib/rails/templates/rails/welcome/index.html.erb (Duration: 2.0ms | Allocations: 575)
Completed 200 OK in 46ms (Views: 19.2ms | ActiveRecord: 0.0ms | Allocations: 11195)


Started GET "/user" for ::1 at 2024-06-19 12:50:45 +0530
  
ActionController::RoutingError (No route matches [GET] "/user"):
  
Started GET "/users" for ::1 at 2024-06-19 12:50:50 +0530
  
ActionController::RoutingError (No route matches [GET] "/users"):
  
Started GET "/up" for ::1 at 2024-06-19 12:51:05 +0530
Processing by Rails::HealthController#show as HTML
  Rendering html template
  Rendered html template (Duration: 0.0ms | Allocations: 9)
Completed 200 OK in 3ms (Views: 2.7ms | ActiveRecord: 0.0ms | Allocations: 1084)


Started GET "/" for ::1 at 2024-06-19 12:51:14 +0530
Processing by Rails::WelcomeController#index as HTML
  Rendering /home/ubuntu/.rvm/gems/ruby-3.0.2/gems/railties-7.1.3.4/lib/rails/templates/rails/welcome/index.html.erb
  Rendered /home/ubuntu/.rvm/gems/ruby-3.0.2/gems/railties-7.1.3.4/lib/rails/templates/rails/welcome/index.html.erb (Duration: 0.3ms | Allocations: 23)
Completed 200 OK in 2ms (Views: 1.7ms | ActiveRecord: 0.0ms | Allocations: 333)


Started GET "/posts/index" for ::1 at 2024-06-19 12:51:47 +0530
  
ActionController::RoutingError (No route matches [GET] "/posts/index"):
  
Started GET "/posts/index" for ::1 at 2024-06-19 12:52:00 +0530
  [1m[36mActiveRecord::SchemaMigration Load (0.6ms)[0m  [1m[34mSELECT "schema_migrations"."version" FROM "schema_migrations" ORDER BY "schema_migrations"."version" ASC[0m
  
ActionController::RoutingError (No route matches [GET] "/posts/index"):
  
Started GET "/posts" for ::1 at 2024-06-19 12:52:05 +0530
  
ActionController::RoutingError (No route matches [GET] "/posts"):
  
Started GET "/" for ::1 at 2024-06-19 12:52:19 +0530
Processing by PostsController#index as HTML
  Rendering layout layouts/application.html.erb
  Rendering posts/index.html.erb within layouts/application
  [1m[36mPost Load (0.7ms)[0m  [1m[34mSELECT "posts".* FROM "posts"[0m
  ↳ app/views/posts/index.html.erb:3
  Rendered posts/index.html.erb within layouts/application (Duration: 15.6ms | Allocations: 3894)
  Rendered layout layouts/application.html.erb (Duration: 658.4ms | Allocations: 97668)
Completed 200 OK in 689ms (Views: 655.1ms | ActiveRecord: 6.0ms | Allocations: 105579)


Started GET "/posts/create" for ::1 at 2024-06-19 12:52:45 +0530
  
ActionController::RoutingError (No route matches [GET] "/posts/create"):
  
Started GET "/posts" for ::1 at 2024-06-19 12:54:36 +0530
  [1m[36mActiveRecord::SchemaMigration Load (1.1ms)[0m  [1m[34mSELECT "schema_migrations"."version" FROM "schema_migrations" ORDER BY "schema_migrations"."version" ASC[0m
Processing by PostsController#index as HTML
  Rendering layout layouts/application.html.erb
  Rendering posts/index.html.erb within layouts/application
  [1m[36mPost Load (0.7ms)[0m  [1m[34mSELECT "posts".* FROM "posts"[0m
  ↳ app/views/posts/index.html.erb:3
  Rendered posts/index.html.erb within layouts/application (Duration: 17.4ms | Allocations: 3938)
  Rendered layout layouts/application.html.erb (Duration: 99.4ms | Allocations: 39985)
Completed 200 OK in 122ms (Views: 98.1ms | ActiveRecord: 6.5ms | Allocations: 50922)


Started GET "/posts/create" for ::1 at 2024-06-19 12:54:43 +0530
Processing by PostsController#show as HTML
  Parameters: {"id"=>"create"}
  [1m[36mPost Load (0.3ms)[0m  [1m[34mSELECT "posts".* FROM "posts" WHERE "posts"."id" = $1 LIMIT $2[0m  [["id", nil], ["LIMIT", 1]]
  ↳ app/controllers/posts_controller.rb:51:in `set_post'
Completed 404 Not Found in 20ms (ActiveRecord: 9.1ms | Allocations: 4432)


  
ActiveRecord::RecordNotFound (Couldn't find Post with 'id'=create):
  
app/controllers/posts_controller.rb:51:in `set_post'
Started GET "/posts" for ::1 at 2024-06-19 12:55:10 +0530
  [1m[36mActiveRecord::SchemaMigration Load (0.9ms)[0m  [1m[34mSELECT "schema_migrations"."version" FROM "schema_migrations" ORDER BY "schema_migrations"."version" ASC[0m
Processing by PostsController#index as HTML
  Rendering layout layouts/application.html.erb
  Rendering posts/index.html.erb within layouts/application
  [1m[36mPost Load (0.6ms)[0m  [1m[34mSELECT "posts".* FROM "posts"[0m
  ↳ app/views/posts/index.html.erb:3
  Rendered posts/index.html.erb within layouts/application (Duration: 15.5ms | Allocations: 3938)
  Rendered layout layouts/application.html.erb (Duration: 110.3ms | Allocations: 39986)
Completed 200 OK in 132ms (Views: 109.3ms | ActiveRecord: 6.0ms | Allocations: 50916)


  [1m[36mUser Load (1.0ms)[0m  [1m[34mSELECT "users".* FROM "users" ORDER BY "users"."id" DESC LIMIT $1[0m  [["LIMIT", 1]]
  [1m[35m (0.3ms)[0m  [1m[34mSELECT pg_try_advisory_lock(8180530407223393065)[0m
  [1m[36mActiveRecord::SchemaMigration Load (0.7ms)[0m  [1m[34mSELECT "schema_migrations"."version" FROM "schema_migrations" ORDER BY "schema_migrations"."version" ASC[0m
  [1m[36mActiveRecord::InternalMetadata Load (0.7ms)[0m  [1m[34mSELECT * FROM "ar_internal_metadata" WHERE "ar_internal_metadata"."key" = $1 ORDER BY "ar_internal_metadata"."key" ASC LIMIT 1[0m  [[nil, "environment"]]
Migrating to CreateComments (20240619072851)
  [1m[36mTRANSACTION (0.2ms)[0m  [1m[35mBEGIN[0m
  [1m[35m (12.3ms)[0m  [1m[35mCREATE TABLE "comments" ("id" bigserial primary key, "body" text, "post_id" bigint NOT NULL, "user_id" bigint NOT NULL, "created_at" timestamp(6) NOT NULL, "updated_at" timestamp(6) NOT NULL, CONSTRAINT "fk_rails_2fd19c0db7"
FOREIGN KEY ("post_id")
  REFERENCES "posts" ("id")
, CONSTRAINT "fk_rails_03de2dc08c"
FOREIGN KEY ("user_id")
  REFERENCES "users" ("id")
)[0m
  [1m[35m (2.2ms)[0m  [1m[35mCREATE INDEX "index_comments_on_post_id" ON "comments" ("post_id")[0m
  [1m[35m (2.5ms)[0m  [1m[35mCREATE INDEX "index_comments_on_user_id" ON "comments" ("user_id")[0m
  [1m[36mActiveRecord::SchemaMigration Create (0.4ms)[0m  [1m[32mINSERT INTO "schema_migrations" ("version") VALUES ('20240619072851') RETURNING "version"[0m
  [1m[36mTRANSACTION (1.1ms)[0m  [1m[35mCOMMIT[0m
  [1m[35m (0.4ms)[0m  [1m[34mSELECT pg_advisory_unlock(8180530407223393065)[0m
  [1m[36mActiveRecord::SchemaMigration Load (0.3ms)[0m  [1m[34mSELECT "schema_migrations"."version" FROM "schema_migrations" ORDER BY "schema_migrations"."version" ASC[0m
Started GET "/posts" for ::1 at 2024-06-19 13:15:10 +0530
  [1m[36mActiveRecord::SchemaMigration Load (0.8ms)[0m  [1m[34mSELECT "schema_migrations"."version" FROM "schema_migrations" ORDER BY "schema_migrations"."version" ASC[0m
Processing by PostsController#index as HTML
  Rendering layout layouts/application.html.erb
  Rendering posts/index.html.erb within layouts/application
  [1m[36mPost Load (14.2ms)[0m  [1m[34mSELECT "posts".* FROM "posts"[0m
  ↳ app/views/posts/index.html.erb:3
  Rendered posts/index.html.erb within layouts/application (Duration: 17.7ms | Allocations: 3717)
  Rendered layout layouts/application.html.erb (Duration: 38.2ms | Allocations: 19982)
Completed 200 OK in 48ms (Views: 20.4ms | ActiveRecord: 20.6ms | Allocations: 24116)


Started GET "/posts" for ::1 at 2024-06-19 13:15:12 +0530
Processing by PostsController#index as HTML
  Rendering layout layouts/application.html.erb
  Rendering posts/index.html.erb within layouts/application
  [1m[36mPost Load (0.8ms)[0m  [1m[34mSELECT "posts".* FROM "posts"[0m
  ↳ app/views/posts/index.html.erb:3
  Rendered posts/index.html.erb within layouts/application (Duration: 18.8ms | Allocations: 562)
  Rendered layout layouts/application.html.erb (Duration: 33.1ms | Allocations: 1905)
Completed 200 OK in 35ms (Views: 33.2ms | ActiveRecord: 0.7ms | Allocations: 2260)


Started GET "/posts" for ::1 at 2024-06-19 13:15:39 +0530
  [1m[36mActiveRecord::SchemaMigration Load (0.8ms)[0m  [1m[34mSELECT "schema_migrations"."version" FROM "schema_migrations" ORDER BY "schema_migrations"."version" ASC[0m
Processing by PostsController#index as HTML
  Rendering layout layouts/application.html.erb
  Rendering posts/index.html.erb within layouts/application
  [1m[36mPost Load (0.6ms)[0m  [1m[34mSELECT "posts".* FROM "posts"[0m
  ↳ app/views/posts/index.html.erb:3
  Rendered posts/index.html.erb within layouts/application (Duration: 15.1ms | Allocations: 3939)
  Rendered layout layouts/application.html.erb (Duration: 542.3ms | Allocations: 115864)
Completed 200 OK in 567ms (Views: 540.7ms | ActiveRecord: 6.3ms | Allocations: 127884)


Started GET "/posts/commit" for ::1 at 2024-06-19 13:15:47 +0530
Processing by PostsController#show as HTML
  Parameters: {"id"=>"commit"}
  [1m[36mPost Load (0.3ms)[0m  [1m[34mSELECT "posts".* FROM "posts" WHERE "posts"."id" = $1 LIMIT $2[0m  [["id", nil], ["LIMIT", 1]]
  ↳ app/controllers/posts_controller.rb:51:in `set_post'
Completed 404 Not Found in 21ms (ActiveRecord: 9.4ms | Allocations: 4154)


  
ActiveRecord::RecordNotFound (Couldn't find Post with 'id'=commit):
  
app/controllers/posts_controller.rb:51:in `set_post'
Started GET "/posts/commits" for ::1 at 2024-06-19 13:15:55 +0530
Processing by PostsController#show as HTML
  Parameters: {"id"=>"commits"}
  [1m[36mPost Load (0.5ms)[0m  [1m[34mSELECT "posts".* FROM "posts" WHERE "posts"."id" = $1 LIMIT $2[0m  [["id", nil], ["LIMIT", 1]]
  ↳ app/controllers/posts_controller.rb:51:in `set_post'
Completed 404 Not Found in 7ms (ActiveRecord: 0.5ms | Allocations: 1163)


  
ActiveRecord::RecordNotFound (Couldn't find Post with 'id'=commits):
  
app/controllers/posts_controller.rb:51:in `set_post'
  [1m[35m (0.2ms)[0m  [1m[34mSELECT pg_try_advisory_lock(8180530407223393065)[0m
  [1m[36mActiveRecord::SchemaMigration Load (1.2ms)[0m  [1m[34mSELECT "schema_migrations"."version" FROM "schema_migrations" ORDER BY "schema_migrations"."version" ASC[0m
  [1m[36mActiveRecord::InternalMetadata Load (0.8ms)[0m  [1m[34mSELECT * FROM "ar_internal_metadata" WHERE "ar_internal_metadata"."key" = $1 ORDER BY "ar_internal_metadata"."key" ASC LIMIT 1[0m  [[nil, "environment"]]
  [1m[35m (0.3ms)[0m  [1m[34mSELECT pg_advisory_unlock(8180530407223393065)[0m
  [1m[36mActiveRecord::SchemaMigration Load (0.2ms)[0m  [1m[34mSELECT "schema_migrations"."version" FROM "schema_migrations" ORDER BY "schema_migrations"."version" ASC[0m
Started GET "/posts" for ::1 at 2024-06-19 13:21:50 +0530
  [1m[36mActiveRecord::SchemaMigration Load (1.1ms)[0m  [1m[34mSELECT "schema_migrations"."version" FROM "schema_migrations" ORDER BY "schema_migrations"."version" ASC[0m
Processing by PostsController#index as HTML
  Rendering layout layouts/application.html.erb
  Rendering posts/index.html.erb within layouts/application
  [1m[36mPost Load (0.9ms)[0m  [1m[34mSELECT "posts".* FROM "posts"[0m
  ↳ app/views/posts/index.html.erb:3
  Rendered posts/index.html.erb within layouts/application (Duration: 22.4ms | Allocations: 3938)
  Rendered layout layouts/application.html.erb (Duration: 199.7ms | Allocations: 42026)
Completed 200 OK in 238ms (Views: 198.9ms | ActiveRecord: 10.1ms | Allocations: 54050)


Started GET "/" for ::1 at 2024-06-19 13:21:52 +0530
Processing by Rails::WelcomeController#index as HTML
  Rendering /home/ubuntu/.rvm/gems/ruby-3.0.2/gems/railties-7.1.3.4/lib/rails/templates/rails/welcome/index.html.erb
  Rendered /home/ubuntu/.rvm/gems/ruby-3.0.2/gems/railties-7.1.3.4/lib/rails/templates/rails/welcome/index.html.erb (Duration: 2.7ms | Allocations: 487)
Completed 200 OK in 8ms (Views: 5.8ms | ActiveRecord: 0.0ms | Allocations: 1612)


Started GET "/" for ::1 at 2024-06-19 13:21:54 +0530
Processing by Rails::WelcomeController#index as HTML
  Rendering /home/ubuntu/.rvm/gems/ruby-3.0.2/gems/railties-7.1.3.4/lib/rails/templates/rails/welcome/index.html.erb
  Rendered /home/ubuntu/.rvm/gems/ruby-3.0.2/gems/railties-7.1.3.4/lib/rails/templates/rails/welcome/index.html.erb (Duration: 0.1ms | Allocations: 15)
Completed 200 OK in 2ms (Views: 1.0ms | ActiveRecord: 0.0ms | Allocations: 298)


Started GET "/users/sign_up" for ::1 at 2024-06-19 13:22:17 +0530
Processing by Devise::RegistrationsController#new as HTML
  Rendering layout layouts/application.html.erb
  Rendering devise/registrations/new.html.erb within layouts/application
  Rendered devise/shared/_error_messages.html.erb (Duration: 1.0ms | Allocations: 284)
  Rendered devise/shared/_links.html.erb (Duration: 2.9ms | Allocations: 628)
  Rendered devise/registrations/new.html.erb within layouts/application (Duration: 25.6ms | Allocations: 5230)
  Rendered layout layouts/application.html.erb (Duration: 30.6ms | Allocations: 6677)
Completed 200 OK in 286ms (Views: 38.3ms | ActiveRecord: 8.1ms | Allocations: 156950)


Started POST "/users" for ::1 at 2024-06-19 13:23:08 +0530
Processing by Devise::RegistrationsController#create as TURBO_STREAM
  Parameters: {"authenticity_token"=>"[FILTERED]", "user"=>{"email"=>"user@gmail.com", "password"=>"[FILTERED]", "password_confirmation"=>"[FILTERED]"}, "commit"=>"Sign up"}
  [1m[36mTRANSACTION (0.2ms)[0m  [1m[35mBEGIN[0m
  [1m[36mUser Exists? (5.6ms)[0m  [1m[34mSELECT 1 AS one FROM "users" WHERE "users"."email" = $1 LIMIT $2[0m  [["email", "user@gmail.com"], ["LIMIT", 1]]
  [1m[36mUser Create (0.9ms)[0m  [1m[32mINSERT INTO "users" ("email", "encrypted_password", "reset_password_token", "reset_password_sent_at", "remember_created_at", "created_at", "updated_at", "otp_secret", "consumed_timestep", "otp_required_for_login") VALUES ($1, $2, $3, $4, $5, $6, $7, $8, $9, $10) RETURNING "id"[0m  [["email", "user@gmail.com"], ["encrypted_password", "[FILTERED]"], ["reset_password_token", "[FILTERED]"], ["reset_password_sent_at", "[FILTERED]"], ["remember_created_at", nil], ["created_at", "2024-06-19 07:53:08.920988"], ["updated_at", "2024-06-19 07:53:08.920988"], ["otp_secret", "[FILTERED]"], ["consumed_timestep", nil], ["otp_required_for_login", "[FILTERED]"]]
  [1m[36mTRANSACTION (1.1ms)[0m  [1m[35mCOMMIT[0m
Redirected to http://localhost:3000/
Completed 303 See Other in 385ms (ActiveRecord: 7.7ms | Allocations: 13420)


Started GET "/" for ::1 at 2024-06-19 13:23:08 +0530
Processing by Rails::WelcomeController#index as TURBO_STREAM
  Rendering /home/ubuntu/.rvm/gems/ruby-3.0.2/gems/railties-7.1.3.4/lib/rails/templates/rails/welcome/index.html.erb
  Rendered /home/ubuntu/.rvm/gems/ruby-3.0.2/gems/railties-7.1.3.4/lib/rails/templates/rails/welcome/index.html.erb (Duration: 0.2ms | Allocations: 24)
Completed 200 OK in 2ms (Views: 1.2ms | ActiveRecord: 0.0ms | Allocations: 391)


Started GET "/" for ::1 at 2024-06-19 13:23:08 +0530
Processing by Rails::WelcomeController#index as HTML
  Rendering /home/ubuntu/.rvm/gems/ruby-3.0.2/gems/railties-7.1.3.4/lib/rails/templates/rails/welcome/index.html.erb
  Rendered /home/ubuntu/.rvm/gems/ruby-3.0.2/gems/railties-7.1.3.4/lib/rails/templates/rails/welcome/index.html.erb (Duration: 0.1ms | Allocations: 15)
Completed 200 OK in 2ms (Views: 1.3ms | ActiveRecord: 0.0ms | Allocations: 277)


Started GET "/" for ::1 at 2024-06-19 13:23:51 +0530
Processing by PostsController#index as HTML
  Rendering layout layouts/application.html.erb
  Rendering posts/index.html.erb within layouts/application
  [1m[36mPost Load (0.5ms)[0m  [1m[34mSELECT "posts".* FROM "posts"[0m
  ↳ app/views/posts/index.html.erb:3
  Rendered posts/index.html.erb within layouts/application (Duration: 2.4ms | Allocations: 913)
  Rendered layout layouts/application.html.erb (Duration: 24.0ms | Allocations: 18211)
Completed 200 OK in 32ms (Views: 25.6ms | ActiveRecord: 0.5ms | Allocations: 22319)


Started GET "/" for ::1 at 2024-06-19 13:25:30 +0530
Processing by PostsController#index as HTML
  Rendering layout layouts/application.html.erb
  Rendering posts/index.html.erb within layouts/application
  [1m[36mUser Load (0.4ms)[0m  [1m[34mSELECT "users".* FROM "users" WHERE "users"."id" = $1 ORDER BY "users"."id" ASC LIMIT $2[0m  [["id", 1], ["LIMIT", 1]]
  ↳ app/views/posts/index.html.erb:2
  [1m[36mPost Load (0.3ms)[0m  [1m[34mSELECT "posts".* FROM "posts"[0m
  ↳ app/views/posts/index.html.erb:11
  Rendered posts/index.html.erb within layouts/application (Duration: 23.9ms | Allocations: 8069)
  Rendered layout layouts/application.html.erb (Duration: 58.7ms | Allocations: 24951)
Completed 200 OK in 68ms (Views: 55.7ms | ActiveRecord: 5.1ms | Allocations: 29055)


Started DELETE "/users/sign_out" for ::1 at 2024-06-19 13:51:38 +0530
Processing by Devise::SessionsController#destroy as TURBO_STREAM
  Parameters: {"authenticity_token"=>"[FILTERED]"}
  [1m[36mUser Load (0.4ms)[0m  [1m[34mSELECT "users".* FROM "users" WHERE "users"."id" = $1 ORDER BY "users"."id" ASC LIMIT $2[0m  [["id", 1], ["LIMIT", 1]]
Redirected to http://localhost:3000/
Completed 303 See Other in 22ms (ActiveRecord: 5.9ms | Allocations: 6299)


Started GET "/" for ::1 at 2024-06-19 13:51:38 +0530
Processing by PostsController#index as TURBO_STREAM
  Rendering layout layouts/application.html.erb
  Rendering posts/index.html.erb within layouts/application
  [1m[36mPost Load (0.7ms)[0m  [1m[34mSELECT "posts".* FROM "posts"[0m
  ↳ app/views/posts/index.html.erb:11
  Rendered posts/index.html.erb within layouts/application (Duration: 3.2ms | Allocations: 1190)
  Rendered layout layouts/application.html.erb (Duration: 5.8ms | Allocations: 2545)
Completed 200 OK in 7ms (Views: 5.9ms | ActiveRecord: 0.6ms | Allocations: 2971)


Started POST "/users/sign_in" for ::1 at 2024-06-19 13:51:41 +0530
Processing by Devise::SessionsController#create as TURBO_STREAM
  Parameters: {"authenticity_token"=>"[FILTERED]"}
Completed 401 Unauthorized in 1ms (ActiveRecord: 0.0ms | Allocations: 495)


Processing by Devise::SessionsController#new as TURBO_STREAM
  Parameters: {"authenticity_token"=>"[FILTERED]"}
  Rendering layout layouts/application.html.erb
  Rendering devise/sessions/new.html.erb within layouts/application
  Rendered devise/shared/_links.html.erb (Duration: 1.4ms | Allocations: 661)
  Rendered devise/sessions/new.html.erb within layouts/application (Duration: 12.1ms | Allocations: 2808)
  Rendered layout layouts/application.html.erb (Duration: 14.3ms | Allocations: 4224)
Completed 200 OK in 18ms (Views: 16.5ms | ActiveRecord: 0.0ms | Allocations: 5576)


Started GET "/users/sign_up" for ::1 at 2024-06-19 13:51:47 +0530
Processing by Devise::RegistrationsController#new as HTML
  Rendering layout layouts/application.html.erb
  Rendering devise/registrations/new.html.erb within layouts/application
  Rendered devise/shared/_error_messages.html.erb (Duration: 0.7ms | Allocations: 237)
  Rendered devise/shared/_links.html.erb (Duration: 0.4ms | Allocations: 89)
  Rendered devise/registrations/new.html.erb within layouts/application (Duration: 7.3ms | Allocations: 1801)
  Rendered layout layouts/application.html.erb (Duration: 10.2ms | Allocations: 3158)
Completed 200 OK in 16ms (Views: 12.3ms | ActiveRecord: 0.0ms | Allocations: 4284)


Started GET "/users/sign_up" for ::1 at 2024-06-19 13:51:51 +0530
Processing by Devise::RegistrationsController#new as HTML
  Rendering layout layouts/application.html.erb
  Rendering devise/registrations/new.html.erb within layouts/application
  Rendered devise/shared/_error_messages.html.erb (Duration: 0.1ms | Allocations: 13)
  Rendered devise/shared/_links.html.erb (Duration: 0.3ms | Allocations: 76)
  Rendered devise/registrations/new.html.erb within layouts/application (Duration: 5.7ms | Allocations: 952)
  Rendered layout layouts/application.html.erb (Duration: 9.5ms | Allocations: 2194)
Completed 200 OK in 13ms (Views: 11.0ms | ActiveRecord: 0.0ms | Allocations: 2832)


Started POST "/users/sign_in" for ::1 at 2024-06-19 13:51:52 +0530
Processing by Devise::SessionsController#create as TURBO_STREAM
  Parameters: {"authenticity_token"=>"[FILTERED]", "user"=>{"email"=>"user@gmail.com", "password"=>"[FILTERED]", "remember_me"=>"0"}, "commit"=>"Log in"}
  [1m[36mUser Load (0.8ms)[0m  [1m[34mSELECT "users".* FROM "users" WHERE "users"."email" = $1 ORDER BY "users"."id" ASC LIMIT $2[0m  [["email", "user@gmail.com"], ["LIMIT", 1]]
  [1m[36mCACHE User Load (0.0ms)[0m  [1m[34mSELECT "users".* FROM "users" WHERE "users"."email" = $1 ORDER BY "users"."id" ASC LIMIT $2[0m  [["email", "user@gmail.com"], ["LIMIT", 1]]
Redirected to http://localhost:3000/
Completed 303 See Other in 361ms (ActiveRecord: 0.7ms | Allocations: 4478)


Started GET "/" for ::1 at 2024-06-19 13:51:52 +0530
Processing by PostsController#index as TURBO_STREAM
  Rendering layout layouts/application.html.erb
  Rendering posts/index.html.erb within layouts/application
  [1m[36mUser Load (0.3ms)[0m  [1m[34mSELECT "users".* FROM "users" WHERE "users"."id" = $1 ORDER BY "users"."id" ASC LIMIT $2[0m  [["id", 1], ["LIMIT", 1]]
  ↳ app/views/posts/index.html.erb:2
  [1m[36mPost Load (0.4ms)[0m  [1m[34mSELECT "posts".* FROM "posts"[0m
  ↳ app/views/posts/index.html.erb:11
  Rendered posts/index.html.erb within layouts/application (Duration: 5.8ms | Allocations: 1818)
  Rendered layout layouts/application.html.erb (Duration: 8.3ms | Allocations: 3170)
Completed 200 OK in 9ms (Views: 8.2ms | ActiveRecord: 0.7ms | Allocations: 3520)


